<?xml version="1.0" encoding="UTF-8"?>
<!-- Generated by org.testng.reporters.JUnitReportReporter -->
<testsuite hostname="DESKTOP-JAS0CHU" failures="0" tests="1" name="TestNGAnnotation.TestNGFirstClass" time="0.035" errors="0" timestamp="2025-01-31T10:20:08 IST" skipped="0">
  <testcase classname="TestNGAnnotation.TestNGFirstClass" name="Testcase3" time="0.035"/>
</testsuite> <!-- TestNGAnnotation.TestNGFirstClass -->
