<?xml version="1.0" encoding="UTF-8"?>
<!-- Generated by org.testng.reporters.JUnitReportReporter -->
<testsuite hostname="DESKTOP-JAS0CHU" failures="0" tests="1" name="TestNGAnnotation.TestMGSecondcalss" time="0.001" errors="0" timestamp="2025-01-31T10:20:08 IST" skipped="0">
  <testcase classname="TestNGAnnotation.TestMGSecondcalss" name="Testcase5" time="0.001"/>
</testsuite> <!-- TestNGAnnotation.TestMGSecondcalss -->
